<?xml version="1.0" encoding="UTF-8"?>
<testng-results ignored="0" total="1" passed="1" failed="0" skipped="0">
  <reporter-output>
  </reporter-output>
  <suite started-at="2023-10-02T13:55:35 EET" name="Default suite" finished-at="2023-10-02T13:56:26 EET" duration-ms="51533">
    <groups>
    </groups>
    <test started-at="2023-10-02T13:55:35 EET" name="Default test" finished-at="2023-10-02T13:56:26 EET" duration-ms="51533">
      <class name="old2.kooora">
        <test-method signature="ttt()[pri:0, instance:old2.kooora@206a70ef]" started-at="2023-10-02T13:55:35 EET" name="ttt" finished-at="2023-10-02T13:56:26 EET" duration-ms="51494" status="PASS">
          <reporter-output>
          </reporter-output>
        </test-method> <!-- ttt -->
      </class> <!-- old2.kooora -->
    </test> <!-- Default test -->
  </suite> <!-- Default suite -->
</testng-results>
